[  9%] [32mBuilding CXX object CMakeFiles/pub_node.dir/src/pub.cpp.o[0m
[  9%] Built target _intro_tutorial_generate_messages_check_deps_msg1
[  9%] Built target std_msgs_generate_messages_py
[  9%] Built target std_msgs_generate_messages_nodejs
[  9%] Built target std_msgs_generate_messages_cpp
[  9%] Built target std_msgs_generate_messages_eus
[  9%] Built target std_msgs_generate_messages_lisp
[35m[1mScanning dependencies of target intro_tutorial_generate_messages_py[0m
[35m[1mScanning dependencies of target intro_tutorial_generate_messages_nodejs[0m
[ 18%] [32mBuilding CXX object CMakeFiles/sub_node.dir/src/sub.cpp.o[0m
[ 27%] [34m[1mGenerating Javascript code from intro_tutorial/msg1.msg[0m
[35m[1mScanning dependencies of target intro_tutorial_generate_messages_cpp[0m
[ 36%] [34m[1mGenerating Python from MSG intro_tutorial/msg1[0m
[ 45%] [34m[1mGenerating C++ code from intro_tutorial/msg1.msg[0m
[ 45%] Built target intro_tutorial_generate_messages_nodejs
[35m[1mScanning dependencies of target intro_tutorial_generate_messages_eus[0m
[ 54%] [34m[1mGenerating EusLisp code from intro_tutorial/msg1.msg[0m
[ 54%] Built target intro_tutorial_generate_messages_cpp
[ 63%] [34m[1mGenerating EusLisp manifest code for intro_tutorial[0m
[35m[1mScanning dependencies of target intro_tutorial_generate_messages_lisp[0m
[ 72%] [34m[1mGenerating Lisp code from intro_tutorial/msg1.msg[0m
[ 81%] [34m[1mGenerating Python msg __init__.py for intro_tutorial[0m
[ 81%] Built target intro_tutorial_generate_messages_lisp
[ 81%] Built target intro_tutorial_generate_messages_py
[ 81%] Built target intro_tutorial_generate_messages_eus
[35m[1mScanning dependencies of target intro_tutorial_generate_messages[0m
[ 81%] Built target intro_tutorial_generate_messages
[ 90%] [32m[1mLinking CXX executable /root/ir-ros-docker/ir/course_ws/devel/.private/intro_tutorial/lib/intro_tutorial/pub_node[0m
[ 90%] Built target pub_node
[100%] [32m[1mLinking CXX executable /root/ir-ros-docker/ir/course_ws/devel/.private/intro_tutorial/lib/intro_tutorial/sub_node[0m
[100%] Built target sub_node
