[  0%] Built target _vacuum_pkg_generate_messages_check_deps_StatusFeedback
[  0%] Built target _vacuum_pkg_generate_messages_check_deps_StatusAction
[  0%] Built target actionlib_msgs_generate_messages_cpp
[  0%] Built target _vacuum_pkg_generate_messages_check_deps_StatusGoal
[  0%] Built target _vacuum_pkg_generate_messages_check_deps_StatusActionResult
[  0%] Built target std_msgs_generate_messages_cpp
[  0%] Built target _vacuum_pkg_generate_messages_check_deps_StatusResult
[  0%] Built target _vacuum_pkg_generate_messages_check_deps_StatusActionFeedback
[  0%] Built target _vacuum_pkg_generate_messages_check_deps_StatusActionGoal
[  0%] Built target _vacuum_pkg_generate_messages_check_deps_status_srv
[  0%] Built target std_msgs_generate_messages_nodejs
[  0%] Built target actionlib_msgs_generate_messages_nodejs
[  0%] Built target _vacuum_pkg_generate_messages_check_deps_status_msg
[  0%] Built target std_msgs_generate_messages_lisp
[  0%] Built target actionlib_msgs_generate_messages_lisp
[  0%] Built target actionlib_msgs_generate_messages_eus
[  0%] Built target std_msgs_generate_messages_eus
[  0%] Built target std_msgs_generate_messages_py
[  0%] Built target actionlib_msgs_generate_messages_py
[ 33%] Built target vacuum_pkg_generate_messages_nodejs
[ 33%] Built target vacuum_pkg_generate_messages_cpp
[ 45%] Built target vacuum_pkg_generate_messages_lisp
[ 61%] Built target vacuum_pkg_generate_messages_eus
[ 80%] Built target vacuum_pkg_generate_messages_py
[ 83%] Built target charging_station_client_node
[ 86%] Built target robot_server_node
[ 90%] Built target robot_action_server_node
[ 90%] Built target vacuum_pkg_generate_messages
[ 96%] Built target robot_node
[ 96%] Built target charging_station_node
[100%] Built target charging_station_action_client_node
