Symlinking /root/ir-ros-docker/ir/exercises_ws/devel/lib/vacuum_pkg/charging_station_node
Symlinking /root/ir-ros-docker/ir/exercises_ws/devel/lib/vacuum_pkg/robot_node
Symlinking /root/ir-ros-docker/ir/exercises_ws/devel/lib/vacuum_pkg/robot_server_node
Symlinking /root/ir-ros-docker/ir/exercises_ws/devel/lib/vacuum_pkg/charging_station_client_node
Symlinking /root/ir-ros-docker/ir/exercises_ws/devel/lib/pkgconfig/vacuum_pkg.pc
Symlinking /root/ir-ros-docker/ir/exercises_ws/devel/lib/python2.7/dist-packages/vacuum_pkg/__init__.py
Symlinking /root/ir-ros-docker/ir/exercises_ws/devel/lib/python2.7/dist-packages/vacuum_pkg/msg/__init__.py
Symlinking /root/ir-ros-docker/ir/exercises_ws/devel/lib/python2.7/dist-packages/vacuum_pkg/msg/_status_msg.py
Symlinking /root/ir-ros-docker/ir/exercises_ws/devel/lib/python2.7/dist-packages/vacuum_pkg/srv/__init__.py
Symlinking /root/ir-ros-docker/ir/exercises_ws/devel/lib/python2.7/dist-packages/vacuum_pkg/srv/_status_srv.py
Symlinking /root/ir-ros-docker/ir/exercises_ws/devel/share/vacuum_pkg/cmake/vacuum_pkgConfig-version.cmake
Symlinking /root/ir-ros-docker/ir/exercises_ws/devel/share/vacuum_pkg/cmake/vacuum_pkgConfig.cmake
Symlinking /root/ir-ros-docker/ir/exercises_ws/devel/share/vacuum_pkg/cmake/vacuum_pkg-msg-paths.cmake
Symlinking /root/ir-ros-docker/ir/exercises_ws/devel/share/vacuum_pkg/cmake/vacuum_pkg-msg-extras.cmake
Symlinking /root/ir-ros-docker/ir/exercises_ws/devel/share/common-lisp/ros/vacuum_pkg/msg/vacuum_pkg-msg.asd
Symlinking /root/ir-ros-docker/ir/exercises_ws/devel/share/common-lisp/ros/vacuum_pkg/msg/_package_status_msg.lisp
Symlinking /root/ir-ros-docker/ir/exercises_ws/devel/share/common-lisp/ros/vacuum_pkg/msg/status_msg.lisp
Symlinking /root/ir-ros-docker/ir/exercises_ws/devel/share/common-lisp/ros/vacuum_pkg/msg/_package.lisp
Symlinking /root/ir-ros-docker/ir/exercises_ws/devel/share/common-lisp/ros/vacuum_pkg/srv/status_srv.lisp
Symlinking /root/ir-ros-docker/ir/exercises_ws/devel/share/common-lisp/ros/vacuum_pkg/srv/_package.lisp
Symlinking /root/ir-ros-docker/ir/exercises_ws/devel/share/common-lisp/ros/vacuum_pkg/srv/vacuum_pkg-srv.asd
Symlinking /root/ir-ros-docker/ir/exercises_ws/devel/share/common-lisp/ros/vacuum_pkg/srv/_package_status_srv.lisp
Symlinking /root/ir-ros-docker/ir/exercises_ws/devel/share/roseus/ros/vacuum_pkg/manifest.l
Symlinking /root/ir-ros-docker/ir/exercises_ws/devel/share/roseus/ros/vacuum_pkg/msg/status_msg.l
Symlinking /root/ir-ros-docker/ir/exercises_ws/devel/share/roseus/ros/vacuum_pkg/srv/status_srv.l
Symlinking /root/ir-ros-docker/ir/exercises_ws/devel/share/gennodejs/ros/vacuum_pkg/_index.js
Symlinking /root/ir-ros-docker/ir/exercises_ws/devel/share/gennodejs/ros/vacuum_pkg/msg/_index.js
Symlinking /root/ir-ros-docker/ir/exercises_ws/devel/share/gennodejs/ros/vacuum_pkg/msg/status_msg.js
Symlinking /root/ir-ros-docker/ir/exercises_ws/devel/share/gennodejs/ros/vacuum_pkg/srv/status_srv.js
Symlinking /root/ir-ros-docker/ir/exercises_ws/devel/share/gennodejs/ros/vacuum_pkg/srv/_index.js
Symlinking /root/ir-ros-docker/ir/exercises_ws/devel/include/vacuum_pkg/status_msg.h
Symlinking /root/ir-ros-docker/ir/exercises_ws/devel/include/vacuum_pkg/status_srvRequest.h
Symlinking /root/ir-ros-docker/ir/exercises_ws/devel/include/vacuum_pkg/status_srvResponse.h
Symlinking /root/ir-ros-docker/ir/exercises_ws/devel/include/vacuum_pkg/status_srv.h
