Determining if the pthread_create exist failed with the following output:
Change Dir: /root/ir-ros-docker/ir/exercises_ws/build/catkin_tools_prebuild/CMakeFiles/CMakeTmp

Run Build Command:"/usr/bin/make" "cmTC_af756/fast"
/usr/bin/make -f CMakeFiles/cmTC_af756.dir/build.make CMakeFiles/cmTC_af756.dir/build
make[1]: Entering directory '/root/ir-ros-docker/ir/exercises_ws/build/catkin_tools_prebuild/CMakeFiles/CMakeTmp'
Building C object CMakeFiles/cmTC_af756.dir/CheckSymbolExists.c.o
/usr/bin/cc    -o CMakeFiles/cmTC_af756.dir/CheckSymbolExists.c.o   -c /root/ir-ros-docker/ir/exercises_ws/build/catkin_tools_prebuild/CMakeFiles/CMakeTmp/CheckSymbolExists.c
Linking C executable cmTC_af756
/usr/bin/cmake -E cmake_link_script CMakeFiles/cmTC_af756.dir/link.txt --verbose=1
/usr/bin/cc      -rdynamic CMakeFiles/cmTC_af756.dir/CheckSymbolExists.c.o  -o cmTC_af756 
CMakeFiles/cmTC_af756.dir/CheckSymbolExists.c.o: In function `main':
CheckSymbolExists.c:(.text+0x14): undefined reference to `pthread_create'
CheckSymbolExists.c:(.text+0x18): undefined reference to `pthread_create'
collect2: error: ld returned 1 exit status
CMakeFiles/cmTC_af756.dir/build.make:97: recipe for target 'cmTC_af756' failed
make[1]: *** [cmTC_af756] Error 1
make[1]: Leaving directory '/root/ir-ros-docker/ir/exercises_ws/build/catkin_tools_prebuild/CMakeFiles/CMakeTmp'
Makefile:126: recipe for target 'cmTC_af756/fast' failed
make: *** [cmTC_af756/fast] Error 2

File /root/ir-ros-docker/ir/exercises_ws/build/catkin_tools_prebuild/CMakeFiles/CMakeTmp/CheckSymbolExists.c:
/* */
#include <pthread.h>

int main(int argc, char** argv)
{
  (void)argv;
#ifndef pthread_create
  return ((int*)(&pthread_create))[argc];
#else
  (void)argc;
  return 0;
#endif
}

Determining if the function pthread_create exists in the pthreads failed with the following output:
Change Dir: /root/ir-ros-docker/ir/exercises_ws/build/catkin_tools_prebuild/CMakeFiles/CMakeTmp

Run Build Command:"/usr/bin/make" "cmTC_659ea/fast"
/usr/bin/make -f CMakeFiles/cmTC_659ea.dir/build.make CMakeFiles/cmTC_659ea.dir/build
make[1]: Entering directory '/root/ir-ros-docker/ir/exercises_ws/build/catkin_tools_prebuild/CMakeFiles/CMakeTmp'
Building C object CMakeFiles/cmTC_659ea.dir/CheckFunctionExists.c.o
/usr/bin/cc   -DCHECK_FUNCTION_EXISTS=pthread_create   -o CMakeFiles/cmTC_659ea.dir/CheckFunctionExists.c.o   -c /usr/share/cmake-3.10/Modules/CheckFunctionExists.c
Linking C executable cmTC_659ea
/usr/bin/cmake -E cmake_link_script CMakeFiles/cmTC_659ea.dir/link.txt --verbose=1
/usr/bin/cc  -DCHECK_FUNCTION_EXISTS=pthread_create    -rdynamic CMakeFiles/cmTC_659ea.dir/CheckFunctionExists.c.o  -o cmTC_659ea -lpthreads 
/usr/bin/ld: cannot find -lpthreads
collect2: error: ld returned 1 exit status
CMakeFiles/cmTC_659ea.dir/build.make:97: recipe for target 'cmTC_659ea' failed
make[1]: *** [cmTC_659ea] Error 1
make[1]: Leaving directory '/root/ir-ros-docker/ir/exercises_ws/build/catkin_tools_prebuild/CMakeFiles/CMakeTmp'
Makefile:126: recipe for target 'cmTC_659ea/fast' failed
make: *** [cmTC_659ea/fast] Error 2


