Determining if the pthread_create exist failed with the following output:
Change Dir: /root/ir-ros-docker/ir/course_ws/build/intro_tutorial/CMakeFiles/CMakeTmp

Run Build Command:"/usr/bin/make" "cmTC_3d088/fast"
/usr/bin/make -f CMakeFiles/cmTC_3d088.dir/build.make CMakeFiles/cmTC_3d088.dir/build
make[1]: Entering directory '/root/ir-ros-docker/ir/course_ws/build/intro_tutorial/CMakeFiles/CMakeTmp'
Building C object CMakeFiles/cmTC_3d088.dir/CheckSymbolExists.c.o
/usr/bin/cc    -o CMakeFiles/cmTC_3d088.dir/CheckSymbolExists.c.o   -c /root/ir-ros-docker/ir/course_ws/build/intro_tutorial/CMakeFiles/CMakeTmp/CheckSymbolExists.c
Linking C executable cmTC_3d088
/usr/bin/cmake -E cmake_link_script CMakeFiles/cmTC_3d088.dir/link.txt --verbose=1
/usr/bin/cc      -rdynamic CMakeFiles/cmTC_3d088.dir/CheckSymbolExists.c.o  -o cmTC_3d088 
CMakeFiles/cmTC_3d088.dir/CheckSymbolExists.c.o: In function `main':
CheckSymbolExists.c:(.text+0x14): undefined reference to `pthread_create'
CheckSymbolExists.c:(.text+0x18): undefined reference to `pthread_create'
collect2: error: ld returned 1 exit status
CMakeFiles/cmTC_3d088.dir/build.make:97: recipe for target 'cmTC_3d088' failed
make[1]: *** [cmTC_3d088] Error 1
make[1]: Leaving directory '/root/ir-ros-docker/ir/course_ws/build/intro_tutorial/CMakeFiles/CMakeTmp'
Makefile:126: recipe for target 'cmTC_3d088/fast' failed
make: *** [cmTC_3d088/fast] Error 2

File /root/ir-ros-docker/ir/course_ws/build/intro_tutorial/CMakeFiles/CMakeTmp/CheckSymbolExists.c:
/* */
#include <pthread.h>

int main(int argc, char** argv)
{
  (void)argv;
#ifndef pthread_create
  return ((int*)(&pthread_create))[argc];
#else
  (void)argc;
  return 0;
#endif
}

Determining if the function pthread_create exists in the pthreads failed with the following output:
Change Dir: /root/ir-ros-docker/ir/course_ws/build/intro_tutorial/CMakeFiles/CMakeTmp

Run Build Command:"/usr/bin/make" "cmTC_ea1fe/fast"
/usr/bin/make -f CMakeFiles/cmTC_ea1fe.dir/build.make CMakeFiles/cmTC_ea1fe.dir/build
make[1]: Entering directory '/root/ir-ros-docker/ir/course_ws/build/intro_tutorial/CMakeFiles/CMakeTmp'
Building C object CMakeFiles/cmTC_ea1fe.dir/CheckFunctionExists.c.o
/usr/bin/cc   -DCHECK_FUNCTION_EXISTS=pthread_create   -o CMakeFiles/cmTC_ea1fe.dir/CheckFunctionExists.c.o   -c /usr/share/cmake-3.10/Modules/CheckFunctionExists.c
Linking C executable cmTC_ea1fe
/usr/bin/cmake -E cmake_link_script CMakeFiles/cmTC_ea1fe.dir/link.txt --verbose=1
/usr/bin/cc  -DCHECK_FUNCTION_EXISTS=pthread_create    -rdynamic CMakeFiles/cmTC_ea1fe.dir/CheckFunctionExists.c.o  -o cmTC_ea1fe -lpthreads 
/usr/bin/ld: cannot find -lpthreads
collect2: error: ld returned 1 exit status
CMakeFiles/cmTC_ea1fe.dir/build.make:97: recipe for target 'cmTC_ea1fe' failed
make[1]: *** [cmTC_ea1fe] Error 1
make[1]: Leaving directory '/root/ir-ros-docker/ir/course_ws/build/intro_tutorial/CMakeFiles/CMakeTmp'
Makefile:126: recipe for target 'cmTC_ea1fe/fast' failed
make: *** [cmTC_ea1fe/fast] Error 2


