Determining if the pthread_create exist failed with the following output:
Change Dir: /root/ir-ros-docker/ir/course_ws/build/catkin_tools_prebuild/CMakeFiles/CMakeTmp

Run Build Command:"/usr/bin/make" "cmTC_b6239/fast"
/usr/bin/make -f CMakeFiles/cmTC_b6239.dir/build.make CMakeFiles/cmTC_b6239.dir/build
make[1]: Entering directory '/root/ir-ros-docker/ir/course_ws/build/catkin_tools_prebuild/CMakeFiles/CMakeTmp'
Building C object CMakeFiles/cmTC_b6239.dir/CheckSymbolExists.c.o
/usr/bin/cc    -o CMakeFiles/cmTC_b6239.dir/CheckSymbolExists.c.o   -c /root/ir-ros-docker/ir/course_ws/build/catkin_tools_prebuild/CMakeFiles/CMakeTmp/CheckSymbolExists.c
Linking C executable cmTC_b6239
/usr/bin/cmake -E cmake_link_script CMakeFiles/cmTC_b6239.dir/link.txt --verbose=1
/usr/bin/cc      -rdynamic CMakeFiles/cmTC_b6239.dir/CheckSymbolExists.c.o  -o cmTC_b6239 
CMakeFiles/cmTC_b6239.dir/CheckSymbolExists.c.o: In function `main':
CheckSymbolExists.c:(.text+0x14): undefined reference to `pthread_create'
CheckSymbolExists.c:(.text+0x18): undefined reference to `pthread_create'
collect2: error: ld returned 1 exit status
CMakeFiles/cmTC_b6239.dir/build.make:97: recipe for target 'cmTC_b6239' failed
make[1]: *** [cmTC_b6239] Error 1
make[1]: Leaving directory '/root/ir-ros-docker/ir/course_ws/build/catkin_tools_prebuild/CMakeFiles/CMakeTmp'
Makefile:126: recipe for target 'cmTC_b6239/fast' failed
make: *** [cmTC_b6239/fast] Error 2

File /root/ir-ros-docker/ir/course_ws/build/catkin_tools_prebuild/CMakeFiles/CMakeTmp/CheckSymbolExists.c:
/* */
#include <pthread.h>

int main(int argc, char** argv)
{
  (void)argv;
#ifndef pthread_create
  return ((int*)(&pthread_create))[argc];
#else
  (void)argc;
  return 0;
#endif
}

Determining if the function pthread_create exists in the pthreads failed with the following output:
Change Dir: /root/ir-ros-docker/ir/course_ws/build/catkin_tools_prebuild/CMakeFiles/CMakeTmp

Run Build Command:"/usr/bin/make" "cmTC_6a8e2/fast"
/usr/bin/make -f CMakeFiles/cmTC_6a8e2.dir/build.make CMakeFiles/cmTC_6a8e2.dir/build
make[1]: Entering directory '/root/ir-ros-docker/ir/course_ws/build/catkin_tools_prebuild/CMakeFiles/CMakeTmp'
Building C object CMakeFiles/cmTC_6a8e2.dir/CheckFunctionExists.c.o
/usr/bin/cc   -DCHECK_FUNCTION_EXISTS=pthread_create   -o CMakeFiles/cmTC_6a8e2.dir/CheckFunctionExists.c.o   -c /usr/share/cmake-3.10/Modules/CheckFunctionExists.c
Linking C executable cmTC_6a8e2
/usr/bin/cmake -E cmake_link_script CMakeFiles/cmTC_6a8e2.dir/link.txt --verbose=1
/usr/bin/cc  -DCHECK_FUNCTION_EXISTS=pthread_create    -rdynamic CMakeFiles/cmTC_6a8e2.dir/CheckFunctionExists.c.o  -o cmTC_6a8e2 -lpthreads 
/usr/bin/ld: cannot find -lpthreads
collect2: error: ld returned 1 exit status
CMakeFiles/cmTC_6a8e2.dir/build.make:97: recipe for target 'cmTC_6a8e2' failed
make[1]: *** [cmTC_6a8e2] Error 1
make[1]: Leaving directory '/root/ir-ros-docker/ir/course_ws/build/catkin_tools_prebuild/CMakeFiles/CMakeTmp'
Makefile:126: recipe for target 'cmTC_6a8e2/fast' failed
make: *** [cmTC_6a8e2/fast] Error 2


