Symlinking /root/ir-ros-docker/ir/course_ws/devel/lib/srv_tutorial/client_node
Symlinking /root/ir-ros-docker/ir/course_ws/devel/lib/srv_tutorial/server_node
Symlinking /root/ir-ros-docker/ir/course_ws/devel/lib/pkgconfig/srv_tutorial.pc
Symlinking /root/ir-ros-docker/ir/course_ws/devel/lib/python2.7/dist-packages/srv_tutorial/__init__.py
Symlinking /root/ir-ros-docker/ir/course_ws/devel/lib/python2.7/dist-packages/srv_tutorial/srv/__init__.py
Symlinking /root/ir-ros-docker/ir/course_ws/devel/lib/python2.7/dist-packages/srv_tutorial/srv/_srv1.py
Symlinking /root/ir-ros-docker/ir/course_ws/devel/share/common-lisp/ros/srv_tutorial/srv/srv1.lisp
Symlinking /root/ir-ros-docker/ir/course_ws/devel/share/common-lisp/ros/srv_tutorial/srv/srv_tutorial-srv.asd
Symlinking /root/ir-ros-docker/ir/course_ws/devel/share/common-lisp/ros/srv_tutorial/srv/_package_srv1.lisp
Symlinking /root/ir-ros-docker/ir/course_ws/devel/share/common-lisp/ros/srv_tutorial/srv/_package.lisp
Symlinking /root/ir-ros-docker/ir/course_ws/devel/share/srv_tutorial/cmake/srv_tutorialConfig-version.cmake
Symlinking /root/ir-ros-docker/ir/course_ws/devel/share/srv_tutorial/cmake/srv_tutorial-msg-extras.cmake
Symlinking /root/ir-ros-docker/ir/course_ws/devel/share/srv_tutorial/cmake/srv_tutorialConfig.cmake
Symlinking /root/ir-ros-docker/ir/course_ws/devel/share/srv_tutorial/cmake/srv_tutorial-msg-paths.cmake
Symlinking /root/ir-ros-docker/ir/course_ws/devel/share/roseus/ros/srv_tutorial/manifest.l
Symlinking /root/ir-ros-docker/ir/course_ws/devel/share/roseus/ros/srv_tutorial/srv/srv1.l
Symlinking /root/ir-ros-docker/ir/course_ws/devel/share/gennodejs/ros/srv_tutorial/_index.js
Symlinking /root/ir-ros-docker/ir/course_ws/devel/share/gennodejs/ros/srv_tutorial/srv/srv1.js
Symlinking /root/ir-ros-docker/ir/course_ws/devel/share/gennodejs/ros/srv_tutorial/srv/_index.js
Symlinking /root/ir-ros-docker/ir/course_ws/devel/include/srv_tutorial/srv1.h
Symlinking /root/ir-ros-docker/ir/course_ws/devel/include/srv_tutorial/srv1Response.h
Symlinking /root/ir-ros-docker/ir/course_ws/devel/include/srv_tutorial/srv1Request.h
