Linked: (/root/ir-ros-docker/ir/course_ws/devel/.private/srv_tutorial/lib/srv_tutorial/client_node, /root/ir-ros-docker/ir/course_ws/devel/lib/srv_tutorial/client_node)
Linked: (/root/ir-ros-docker/ir/course_ws/devel/.private/srv_tutorial/lib/srv_tutorial/server_node, /root/ir-ros-docker/ir/course_ws/devel/lib/srv_tutorial/server_node)
Linked: (/root/ir-ros-docker/ir/course_ws/devel/.private/srv_tutorial/lib/pkgconfig/srv_tutorial.pc, /root/ir-ros-docker/ir/course_ws/devel/lib/pkgconfig/srv_tutorial.pc)
Linked: (/root/ir-ros-docker/ir/course_ws/devel/.private/srv_tutorial/lib/python2.7/dist-packages/srv_tutorial/__init__.py, /root/ir-ros-docker/ir/course_ws/devel/lib/python2.7/dist-packages/srv_tutorial/__init__.py)
Linked: (/root/ir-ros-docker/ir/course_ws/devel/.private/srv_tutorial/lib/python2.7/dist-packages/srv_tutorial/srv/__init__.py, /root/ir-ros-docker/ir/course_ws/devel/lib/python2.7/dist-packages/srv_tutorial/srv/__init__.py)
Linked: (/root/ir-ros-docker/ir/course_ws/devel/.private/srv_tutorial/lib/python2.7/dist-packages/srv_tutorial/srv/_srv1.py, /root/ir-ros-docker/ir/course_ws/devel/lib/python2.7/dist-packages/srv_tutorial/srv/_srv1.py)
Linked: (/root/ir-ros-docker/ir/course_ws/devel/.private/srv_tutorial/share/common-lisp/ros/srv_tutorial/srv/srv1.lisp, /root/ir-ros-docker/ir/course_ws/devel/share/common-lisp/ros/srv_tutorial/srv/srv1.lisp)
Linked: (/root/ir-ros-docker/ir/course_ws/devel/.private/srv_tutorial/share/common-lisp/ros/srv_tutorial/srv/srv_tutorial-srv.asd, /root/ir-ros-docker/ir/course_ws/devel/share/common-lisp/ros/srv_tutorial/srv/srv_tutorial-srv.asd)
Linked: (/root/ir-ros-docker/ir/course_ws/devel/.private/srv_tutorial/share/common-lisp/ros/srv_tutorial/srv/_package_srv1.lisp, /root/ir-ros-docker/ir/course_ws/devel/share/common-lisp/ros/srv_tutorial/srv/_package_srv1.lisp)
Linked: (/root/ir-ros-docker/ir/course_ws/devel/.private/srv_tutorial/share/common-lisp/ros/srv_tutorial/srv/_package.lisp, /root/ir-ros-docker/ir/course_ws/devel/share/common-lisp/ros/srv_tutorial/srv/_package.lisp)
Linked: (/root/ir-ros-docker/ir/course_ws/devel/.private/srv_tutorial/share/srv_tutorial/cmake/srv_tutorialConfig-version.cmake, /root/ir-ros-docker/ir/course_ws/devel/share/srv_tutorial/cmake/srv_tutorialConfig-version.cmake)
Linked: (/root/ir-ros-docker/ir/course_ws/devel/.private/srv_tutorial/share/srv_tutorial/cmake/srv_tutorial-msg-extras.cmake, /root/ir-ros-docker/ir/course_ws/devel/share/srv_tutorial/cmake/srv_tutorial-msg-extras.cmake)
Linked: (/root/ir-ros-docker/ir/course_ws/devel/.private/srv_tutorial/share/srv_tutorial/cmake/srv_tutorialConfig.cmake, /root/ir-ros-docker/ir/course_ws/devel/share/srv_tutorial/cmake/srv_tutorialConfig.cmake)
Linked: (/root/ir-ros-docker/ir/course_ws/devel/.private/srv_tutorial/share/srv_tutorial/cmake/srv_tutorial-msg-paths.cmake, /root/ir-ros-docker/ir/course_ws/devel/share/srv_tutorial/cmake/srv_tutorial-msg-paths.cmake)
Linked: (/root/ir-ros-docker/ir/course_ws/devel/.private/srv_tutorial/share/roseus/ros/srv_tutorial/manifest.l, /root/ir-ros-docker/ir/course_ws/devel/share/roseus/ros/srv_tutorial/manifest.l)
Linked: (/root/ir-ros-docker/ir/course_ws/devel/.private/srv_tutorial/share/roseus/ros/srv_tutorial/srv/srv1.l, /root/ir-ros-docker/ir/course_ws/devel/share/roseus/ros/srv_tutorial/srv/srv1.l)
Linked: (/root/ir-ros-docker/ir/course_ws/devel/.private/srv_tutorial/share/gennodejs/ros/srv_tutorial/_index.js, /root/ir-ros-docker/ir/course_ws/devel/share/gennodejs/ros/srv_tutorial/_index.js)
Linked: (/root/ir-ros-docker/ir/course_ws/devel/.private/srv_tutorial/share/gennodejs/ros/srv_tutorial/srv/srv1.js, /root/ir-ros-docker/ir/course_ws/devel/share/gennodejs/ros/srv_tutorial/srv/srv1.js)
Linked: (/root/ir-ros-docker/ir/course_ws/devel/.private/srv_tutorial/share/gennodejs/ros/srv_tutorial/srv/_index.js, /root/ir-ros-docker/ir/course_ws/devel/share/gennodejs/ros/srv_tutorial/srv/_index.js)
Linked: (/root/ir-ros-docker/ir/course_ws/devel/.private/srv_tutorial/include/srv_tutorial/srv1.h, /root/ir-ros-docker/ir/course_ws/devel/include/srv_tutorial/srv1.h)
Linked: (/root/ir-ros-docker/ir/course_ws/devel/.private/srv_tutorial/include/srv_tutorial/srv1Response.h, /root/ir-ros-docker/ir/course_ws/devel/include/srv_tutorial/srv1Response.h)
Linked: (/root/ir-ros-docker/ir/course_ws/devel/.private/srv_tutorial/include/srv_tutorial/srv1Request.h, /root/ir-ros-docker/ir/course_ws/devel/include/srv_tutorial/srv1Request.h)
